<?xml version="1.0" encoding="UTF-8"?>
<testsuite xmlns:xsi="http://www.w3.org/2001/XMLSchema-instance" xsi:noNamespaceSchemaLocation="https://maven.apache.org/surefire/maven-surefire-plugin/xsd/surefire-test-report-3.0.xsd" version="3.0" name="ui_tests.Module3_LiveMatchUITest" time="18.438" tests="3" errors="0" skipped="0" failures="0">
  <properties>
[...]
</properties>
  <testcase name="testTimerPauseAndResume" classname="ui_tests.Module3_LiveMatchUITest" time="6.159"/>
  <testcase name="testPlayerSubstitutionLogic" classname="ui_tests.Module3_LiveMatchUITest" time="6.063"/>
  <testcase name="testStealAndTurnoverChain" classname="ui_tests.Module3_LiveMatchUITest" time="6.183"/>
</testsuite>